<?xml version="1.0" encoding="UTF-8"?>
<!-- Generated by org.testng.reporters.JUnitReportReporter -->
<testsuite skipped="0" hostname="Paul" name="testrunners.Createjob" tests="1" failures="0" timestamp="27 Sep 2022 10:50:37 GMT" time="111.519" errors="0">
  <testcase name="feature" time="111.519" classname="testrunners.Createjob"/>
</testsuite> <!-- testrunners.Createjob -->
