<?xml version="1.0" encoding="UTF-8"?>
<!-- Generated by org.testng.reporters.JUnitReportReporter -->
<testsuite skipped="0" hostname="Paul" name="testrunners.CreateCompleteJob" tests="1" failures="0" timestamp="06 Oct 2022 08:39:43 GMT" time="141.454" errors="0">
  <testcase name="feature" time="141.454" classname="testrunners.CreateCompleteJob"/>
</testsuite> <!-- testrunners.CreateCompleteJob -->
