<?xml version="1.0" encoding="UTF-8"?>
<!-- Generated by org.testng.reporters.JUnitReportReporter -->
<testsuite skipped="0" hostname="Paul" name="testrunners.AiLoginLogout" tests="1" failures="0" timestamp="06 Oct 2022 09:39:53 GMT" time="41.894" errors="0">
  <testcase name="feature" time="41.894" classname="testrunners.AiLoginLogout"/>
</testsuite> <!-- testrunners.AiLoginLogout -->
