<?xml version="1.0" encoding="UTF-8"?>
<!-- Generated by org.testng.reporters.JUnitReportReporter -->
<testsuite skipped="0" hostname="Paul" name="testrunners.AiLoginLogout" tests="1" failures="0" timestamp="29 Sep 2022 11:09:30 GMT" time="51.252" errors="0">
  <testcase name="feature" time="51.252" classname="testrunners.AiLoginLogout"/>
</testsuite> <!-- testrunners.AiLoginLogout -->
