<?xml version="1.0" encoding="UTF-8"?>
<!-- Generated by org.testng.reporters.JUnitReportReporter -->
<testsuite skipped="0" hostname="Paul" name="testrunners.Demo" tests="1" failures="0" timestamp="27 Sep 2022 11:10:53 GMT" time="160.036" errors="0">
  <testcase name="feature" time="160.036" classname="testrunners.Demo"/>
</testsuite> <!-- testrunners.Demo -->
