<?xml version="1.0" encoding="UTF-8"?>
<!-- Generated by org.testng.reporters.JUnitReportReporter -->
<testsuite skipped="0" hostname="Paul" name="testrunners.Candidateapply" tests="1" failures="0" timestamp="06 Oct 2022 09:39:53 GMT" time="125.643" errors="0">
  <testcase name="feature" time="125.643" classname="testrunners.Candidateapply"/>
</testsuite> <!-- testrunners.Candidateapply -->
