<?xml version="1.0" encoding="UTF-8"?>
<!-- Generated by org.testng.reporters.JUnitReportReporter -->
<testsuite skipped="0" hostname="Paul" name="testrunners.TRCreateJobBasic" tests="1" failures="0" timestamp="27 Sep 2022 07:37:55 GMT" time="113.742" errors="0">
  <testcase name="feature" time="113.742" classname="testrunners.TRCreateJobBasic"/>
</testsuite> <!-- testrunners.TRCreateJobBasic -->
