<?xml version="1.0" encoding="UTF-8"?>
<!-- Generated by org.testng.reporters.JUnitReportReporter -->
<testsuite skipped="0" hostname="Paul" name="testrunners.AiLoginLogout" tests="1" failures="0" timestamp="04 Oct 2022 07:53:49 GMT" time="43.463" errors="0">
  <testcase name="feature" time="43.463" classname="testrunners.AiLoginLogout"/>
</testsuite> <!-- testrunners.AiLoginLogout -->
